Determining if the pthread_create exist failed with the following output:
Change Dir: /home/mattia/Desktop/Mattia/Sensor_fusion_udacity/repo_course/SFND_Lidar_Obstacle_Detection-master/src/quiz/ransac/build/CMakeFiles/CMakeTmp

Run Build Command:"/usr/bin/make" "cmTC_99e3f/fast"
/usr/bin/make -f CMakeFiles/cmTC_99e3f.dir/build.make CMakeFiles/cmTC_99e3f.dir/build
make[1]: Entering directory '/home/mattia/Desktop/Mattia/Sensor_fusion_udacity/repo_course/SFND_Lidar_Obstacle_Detection-master/src/quiz/ransac/build/CMakeFiles/CMakeTmp'
Building C object CMakeFiles/cmTC_99e3f.dir/CheckSymbolExists.c.o
/usr/bin/cc     -o CMakeFiles/cmTC_99e3f.dir/CheckSymbolExists.c.o   -c /home/mattia/Desktop/Mattia/Sensor_fusion_udacity/repo_course/SFND_Lidar_Obstacle_Detection-master/src/quiz/ransac/build/CMakeFiles/CMakeTmp/CheckSymbolExists.c
Linking C executable cmTC_99e3f
/usr/bin/cmake -E cmake_link_script CMakeFiles/cmTC_99e3f.dir/link.txt --verbose=1
/usr/bin/cc       CMakeFiles/cmTC_99e3f.dir/CheckSymbolExists.c.o  -o cmTC_99e3f -rdynamic 
CMakeFiles/cmTC_99e3f.dir/CheckSymbolExists.c.o: In function `main':
CheckSymbolExists.c:(.text+0x16): undefined reference to `pthread_create'
collect2: error: ld returned 1 exit status
CMakeFiles/cmTC_99e3f.dir/build.make:97: recipe for target 'cmTC_99e3f' failed
make[1]: *** [cmTC_99e3f] Error 1
make[1]: Leaving directory '/home/mattia/Desktop/Mattia/Sensor_fusion_udacity/repo_course/SFND_Lidar_Obstacle_Detection-master/src/quiz/ransac/build/CMakeFiles/CMakeTmp'
Makefile:126: recipe for target 'cmTC_99e3f/fast' failed
make: *** [cmTC_99e3f/fast] Error 2

File /home/mattia/Desktop/Mattia/Sensor_fusion_udacity/repo_course/SFND_Lidar_Obstacle_Detection-master/src/quiz/ransac/build/CMakeFiles/CMakeTmp/CheckSymbolExists.c:
/* */
#include <pthread.h>

int main(int argc, char** argv)
{
  (void)argv;
#ifndef pthread_create
  return ((int*)(&pthread_create))[argc];
#else
  (void)argc;
  return 0;
#endif
}

Determining if the function pthread_create exists in the pthreads failed with the following output:
Change Dir: /home/mattia/Desktop/Mattia/Sensor_fusion_udacity/repo_course/SFND_Lidar_Obstacle_Detection-master/src/quiz/ransac/build/CMakeFiles/CMakeTmp

Run Build Command:"/usr/bin/make" "cmTC_007cf/fast"
/usr/bin/make -f CMakeFiles/cmTC_007cf.dir/build.make CMakeFiles/cmTC_007cf.dir/build
make[1]: Entering directory '/home/mattia/Desktop/Mattia/Sensor_fusion_udacity/repo_course/SFND_Lidar_Obstacle_Detection-master/src/quiz/ransac/build/CMakeFiles/CMakeTmp'
Building C object CMakeFiles/cmTC_007cf.dir/CheckFunctionExists.c.o
/usr/bin/cc    -DCHECK_FUNCTION_EXISTS=pthread_create   -o CMakeFiles/cmTC_007cf.dir/CheckFunctionExists.c.o   -c /usr/share/cmake-3.5/Modules/CheckFunctionExists.c
Linking C executable cmTC_007cf
/usr/bin/cmake -E cmake_link_script CMakeFiles/cmTC_007cf.dir/link.txt --verbose=1
/usr/bin/cc   -DCHECK_FUNCTION_EXISTS=pthread_create    CMakeFiles/cmTC_007cf.dir/CheckFunctionExists.c.o  -o cmTC_007cf -rdynamic -lpthreads 
/usr/bin/ld: cannot find -lpthreads
collect2: error: ld returned 1 exit status
CMakeFiles/cmTC_007cf.dir/build.make:97: recipe for target 'cmTC_007cf' failed
make[1]: *** [cmTC_007cf] Error 1
make[1]: Leaving directory '/home/mattia/Desktop/Mattia/Sensor_fusion_udacity/repo_course/SFND_Lidar_Obstacle_Detection-master/src/quiz/ransac/build/CMakeFiles/CMakeTmp'
Makefile:126: recipe for target 'cmTC_007cf/fast' failed
make: *** [cmTC_007cf/fast] Error 2


